

*******************************************************************************
Wed Aug 27 18:03:07 2014


FIT:    data read from "hubble.dat"
        format = z
        #datapoints = 24
        residuals are weighted equally (unit weight)

function used for fitting: f(x)
fitted parameters initialized with current variable values



 Iteration 0
 WSSR        : 6.46858e+06       delta(WSSR)/WSSR   : 0
 delta(WSSR) : 0                 limit for stopping : 1e-05
 lambda	  : 1.05591

initial set of free parameter values

a               = 1
b               = 1

After 3 iterations the fit converged.
final sum of squares of residuals : 1.19344e+06
rel. change during last iteration : -8.83578e-08

degrees of freedom    (FIT_NDF)                        : 22
rms of residuals      (FIT_STDFIT) = sqrt(WSSR/ndf)    : 232.911
variance of residuals (reduced chisquare) = WSSR/ndf   : 54247.4

Final set of parameters            Asymptotic Standard Error
=======================            ==========================

a               = -40.7836         +/- 83.44        (204.6%)
b               = 454.158          +/- 75.24        (16.57%)


correlation matrix of the fit parameters:

               a      b      
a               1.000 
b              -0.822  1.000 


*******************************************************************************
Wed Aug 27 18:21:41 2014


FIT:    data read from "hubble.dat"
        format = z
        #datapoints = 24
        residuals are weighted equally (unit weight)

function used for fitting: f(x)
fitted parameters initialized with current variable values



 Iteration 0
 WSSR        : 6.46858e+06       delta(WSSR)/WSSR   : 0
 delta(WSSR) : 0                 limit for stopping : 1e-05
 lambda	  : 1.05591

initial set of free parameter values

a               = 1
b               = 1

After 3 iterations the fit converged.
final sum of squares of residuals : 1.19344e+06
rel. change during last iteration : -8.83578e-08

degrees of freedom    (FIT_NDF)                        : 22
rms of residuals      (FIT_STDFIT) = sqrt(WSSR/ndf)    : 232.911
variance of residuals (reduced chisquare) = WSSR/ndf   : 54247.4

Final set of parameters            Asymptotic Standard Error
=======================            ==========================

a               = -40.7836         +/- 83.44        (204.6%)
b               = 454.158          +/- 75.24        (16.57%)


correlation matrix of the fit parameters:

               a      b      
a               1.000 
b              -0.822  1.000 


*******************************************************************************
Wed Aug 27 19:11:20 2014


FIT:    data read from "hubble.dat"
        format = z
        #datapoints = 24
        residuals are weighted equally (unit weight)

function used for fitting: f(x)
fitted parameters initialized with current variable values



 Iteration 0
 WSSR        : 6.46858e+06       delta(WSSR)/WSSR   : 0
 delta(WSSR) : 0                 limit for stopping : 1e-05
 lambda	  : 1.05591

initial set of free parameter values

a               = 1
b               = 1

After 3 iterations the fit converged.
final sum of squares of residuals : 1.19344e+06
rel. change during last iteration : -8.83578e-08

degrees of freedom    (FIT_NDF)                        : 22
rms of residuals      (FIT_STDFIT) = sqrt(WSSR/ndf)    : 232.911
variance of residuals (reduced chisquare) = WSSR/ndf   : 54247.4

Final set of parameters            Asymptotic Standard Error
=======================            ==========================

a               = -40.7836         +/- 83.44        (204.6%)
b               = 454.158          +/- 75.24        (16.57%)


correlation matrix of the fit parameters:

               a      b      
a               1.000 
b              -0.822  1.000 


*******************************************************************************
Wed Aug 27 19:12:59 2014


FIT:    data read from "hubble.dat"
        format = z
        #datapoints = 24
        residuals are weighted equally (unit weight)

function used for fitting: f(x)
fitted parameters initialized with current variable values



 Iteration 0
 WSSR        : 6.46858e+06       delta(WSSR)/WSSR   : 0
 delta(WSSR) : 0                 limit for stopping : 1e-05
 lambda	  : 1.05591

initial set of free parameter values

a               = 1
b               = 1

After 3 iterations the fit converged.
final sum of squares of residuals : 1.19344e+06
rel. change during last iteration : -8.83578e-08

degrees of freedom    (FIT_NDF)                        : 22
rms of residuals      (FIT_STDFIT) = sqrt(WSSR/ndf)    : 232.911
variance of residuals (reduced chisquare) = WSSR/ndf   : 54247.4

Final set of parameters            Asymptotic Standard Error
=======================            ==========================

a               = -40.7836         +/- 83.44        (204.6%)
b               = 454.158          +/- 75.24        (16.57%)


correlation matrix of the fit parameters:

               a      b      
a               1.000 
b              -0.822  1.000 


*******************************************************************************
Thu Aug 28 22:54:12 2014


FIT:    data read from "hubble.dat"
        format = z
        #datapoints = 24
        residuals are weighted equally (unit weight)

function used for fitting: f(x)
fitted parameters initialized with current variable values



 Iteration 0
 WSSR        : 6.46858e+06       delta(WSSR)/WSSR   : 0
 delta(WSSR) : 0                 limit for stopping : 1e-05
 lambda	  : 1.05591

initial set of free parameter values

a               = 1
b               = 1

After 3 iterations the fit converged.
final sum of squares of residuals : 1.19344e+06
rel. change during last iteration : -8.83578e-08

degrees of freedom    (FIT_NDF)                        : 22
rms of residuals      (FIT_STDFIT) = sqrt(WSSR/ndf)    : 232.911
variance of residuals (reduced chisquare) = WSSR/ndf   : 54247.4

Final set of parameters            Asymptotic Standard Error
=======================            ==========================

a               = -40.7836         +/- 83.44        (204.6%)
b               = 454.158          +/- 75.24        (16.57%)


correlation matrix of the fit parameters:

               a      b      
a               1.000 
b              -0.822  1.000 
