\BOOKMARK [1][-]{section.1}{Problem 1}{}
\BOOKMARK [2][-]{subsection.1.1}{Description}{section.1}
\BOOKMARK [2][-]{subsection.1.2}{Solution}{section.1}
\BOOKMARK [3][-]{subsubsection.1.2.1}{PART a}{subsection.1.2}
\BOOKMARK [3][-]{subsubsection.1.2.2}{PART b}{subsection.1.2}
\BOOKMARK [3][-]{subsubsection.1.2.3}{PART c}{subsection.1.2}
\BOOKMARK [1][-]{section.2}{Problem 2}{}
\BOOKMARK [2][-]{subsection.2.1}{Description}{section.2}
\BOOKMARK [2][-]{subsection.2.2}{Solution}{section.2}
\BOOKMARK [3][-]{subsubsection.2.2.1}{PART a}{subsection.2.2}
\BOOKMARK [3][-]{subsubsection.2.2.2}{PART b}{subsection.2.2}
\BOOKMARK [3][-]{subsubsection.2.2.3}{PART c}{subsection.2.2}
\BOOKMARK [1][-]{section.3}{Problem 3}{}
\BOOKMARK [2][-]{subsection.3.1}{Description}{section.3}
\BOOKMARK [2][-]{subsection.3.2}{Solution}{section.3}
\BOOKMARK [3][-]{subsubsection.3.2.1}{PART a}{subsection.3.2}
\BOOKMARK [3][-]{subsubsection.3.2.2}{PART b}{subsection.3.2}
\BOOKMARK [3][-]{subsubsection.3.2.3}{PART c}{subsection.3.2}
\BOOKMARK [1][-]{section.4}{Problem 4}{}
\BOOKMARK [2][-]{subsection.4.1}{Description}{section.4}
\BOOKMARK [2][-]{subsection.4.2}{Solution}{section.4}
\BOOKMARK [3][-]{subsubsection.4.2.1}{PART a}{subsection.4.2}
\BOOKMARK [3][-]{subsubsection.4.2.2}{PART b}{subsection.4.2}
\BOOKMARK [1][-]{appendix.A}{Appendix}{}
\BOOKMARK [2][-]{subsection.A.1}{python code}{appendix.A}
